mode: set
/home/cloud_user/DOTT/cidr_convert_api/go/api.go:21.61,23.2 1 0
/home/cloud_user/DOTT/cidr_convert_api/go/api.go:26.65,34.2 3 0
/home/cloud_user/DOTT/cidr_convert_api/go/api.go:37.65,45.2 3 0
/home/cloud_user/DOTT/cidr_convert_api/go/api.go:47.66,55.2 3 0
/home/cloud_user/DOTT/cidr_convert_api/go/api.go:58.13,67.2 7 0
/home/cloud_user/DOTT/cidr_convert_api/go/convert.go:9.38,13.31 3 1
/home/cloud_user/DOTT/cidr_convert_api/go/convert.go:18.2,19.15 2 1
/home/cloud_user/DOTT/cidr_convert_api/go/convert.go:13.31,17.3 3 1
/home/cloud_user/DOTT/cidr_convert_api/go/convert.go:22.38,28.19 4 1
/home/cloud_user/DOTT/cidr_convert_api/go/convert.go:33.2,39.15 4 1
/home/cloud_user/DOTT/cidr_convert_api/go/convert.go:28.19,31.3 2 1
/home/cloud_user/DOTT/cidr_convert_api/go/convert.go:42.40,47.15 4 1
/home/cloud_user/DOTT/cidr_convert_api/go/convert.go:51.2,51.15 1 1
/home/cloud_user/DOTT/cidr_convert_api/go/convert.go:47.15,49.3 1 1
